<?xml version='1.0' encoding='UTF-8'?>
<testsuite hostname="DESKTOP-QPK982V" name="Mux5Test" tests="1" errors="0" failures="1" skipped="0" time="2.369" timestamp="2025-08-04T17:54:39">
          <properties>
[...]
</properties>
          <testcase classname="Mux5Test" name="Mux5 should pass" time="2.369">
                      <failure message="None.get" type="java.util.NoSuchElementException">java.util.NoSuchElementException: None.get
	at scala.None$.get(Option.scala:627)
	at scala.None$.get(Option.scala:626)
	at chisel3.Data.litValue(Data.scala:756)
	at chiseltest.package$testableUInt.expect(package.scala:63)
	at Mux5Test.$anonfun$new$3(Mux5Test.scala:16)
	at Mux5Test.$anonfun$new$3$adapted(Mux5Test.scala:7)
	at chiseltest.internal.GenericBackend.$anonfun$run$1(GenericBackend.scala:170)
	at chiseltest.internal.ThreadedBackend$TesterThread$$anon$1.$anonfun$run$1(ThreadedBackend.scala:495)
	at chiseltest.internal.GenericBackend.doTimescope(GenericBackend.scala:104)
	at chiseltest.internal.ThreadedBackend$TesterThread$$anon$1.run(ThreadedBackend.scala:495)
	at java.base/java.lang.Thread.run(Thread.java:1447)
</failure>
                    </testcase>
          <system-out><![CDATA[]]></system-out>
          <system-err><![CDATA[]]></system-err>
        </testsuite>